<?xml version="1.0" encoding="UTF-8"?>
<testsuite name="com.test.registration.first_registration_page.VerifyStepNumberTextTest" tests="1" skipped="0" failures="0" errors="0" timestamp="2022-06-07T22:12:36" hostname="glbuh-note" time="0.58">
  <properties/>
  <testcase name="verifyStepNumberTextLabel()" classname="com.test.registration.first_registration_page.VerifyStepNumberTextTest" time="0.58"/>
  <system-out><![CDATA[]]></system-out>
  <system-err><![CDATA[]]></system-err>
</testsuite>
