<?xml version="1.0" encoding="UTF-8"?>
<testsuite name="com.test.registration.third_registration_page.VerifyComparingSectionsAndOptionsTest" tests="1" skipped="0" failures="0" errors="0" timestamp="2022-06-01T21:11:19" hostname="glbuh-note" time="3.198">
  <properties/>
  <testcase name="verifyComparingSectionsAndOptions()" classname="com.test.registration.third_registration_page.VerifyComparingSectionsAndOptionsTest" time="3.198"/>
  <system-out><![CDATA[456
]]></system-out>
  <system-err><![CDATA[]]></system-err>
</testsuite>
