<?xml version="1.0" encoding="UTF-8"?>
<testsuite name="com.test.registration.first_registration_page.VerifyCreateCustomRequestPopupTitleTest" tests="1" skipped="0" failures="0" errors="0" timestamp="2022-06-07T22:12:24" hostname="glbuh-note" time="1.799">
  <properties/>
  <testcase name="verifyCreateCustomRequestPopupTitle()" classname="com.test.registration.first_registration_page.VerifyCreateCustomRequestPopupTitleTest" time="1.799"/>
  <system-out><![CDATA[]]></system-out>
  <system-err><![CDATA[]]></system-err>
</testsuite>
