<?xml version="1.0" encoding="UTF-8"?>
<testsuite name="com.test.registration.fourth_registration_page.VerifyShowingErrorMessageForLastNameFieldTest" tests="1" skipped="0" failures="0" errors="0" timestamp="2022-06-01T21:10:26" hostname="glbuh-note" time="6.331">
  <properties/>
  <testcase name="verifyShowingErrorMessageForLastNameField()" classname="com.test.registration.fourth_registration_page.VerifyShowingErrorMessageForLastNameFieldTest" time="6.331"/>
  <system-out><![CDATA[456
]]></system-out>
  <system-err><![CDATA[]]></system-err>
</testsuite>
