<?xml version="1.0" encoding="UTF-8"?>
<testsuite name="com.test.registration.second_registration_page.VerifyDeleteOneChosenOptionFromFewTest" tests="1" skipped="0" failures="0" errors="0" timestamp="2022-06-11T11:05:00" hostname="glbuh-note" time="7.146">
  <properties/>
  <testcase name="verifyDeleteChosenOptionFromFew()" classname="com.test.registration.second_registration_page.VerifyDeleteOneChosenOptionFromFewTest" time="7.146"/>
  <system-out><![CDATA[]]></system-out>
  <system-err><![CDATA[]]></system-err>
</testsuite>
