<?xml version="1.0" encoding="UTF-8"?>
<testsuite name="com.test.registration.third_registration_page.VerifyMoveForwardToRegisterAndBookACallTextTest" tests="1" skipped="0" failures="0" errors="0" timestamp="2022-06-08T20:56:53" hostname="glbuh-note" time="1.663">
  <properties/>
  <testcase name="verifyMoveForwardToRegisterAndBookACallText()" classname="com.test.registration.third_registration_page.VerifyMoveForwardToRegisterAndBookACallTextTest" time="1.663"/>
  <system-out><![CDATA[]]></system-out>
  <system-err><![CDATA[]]></system-err>
</testsuite>
