<?xml version="1.0" encoding="UTF-8"?>
<testsuite name="com.test.registration.second_registration_page.VerifyClickNextButtonTest" tests="1" skipped="0" failures="0" errors="0" timestamp="2022-06-08T20:56:27" hostname="glbuh-note" time="1.721">
  <properties/>
  <testcase name="verifyClickNextButton()" classname="com.test.registration.second_registration_page.VerifyClickNextButtonTest" time="1.721"/>
  <system-out><![CDATA[]]></system-out>
  <system-err><![CDATA[]]></system-err>
</testsuite>
