<?xml version="1.0" encoding="UTF-8"?>
<testsuite name="com.test.registration.third_registration_page.VerifyChooseAllOptionsTest" tests="1" skipped="0" failures="0" errors="0" timestamp="2022-06-07T22:14:46" hostname="glbuh-note" time="7.682">
  <properties/>
  <testcase name="verifyChooseAllOptions()" classname="com.test.registration.third_registration_page.VerifyChooseAllOptionsTest" time="7.682"/>
  <system-out><![CDATA[]]></system-out>
  <system-err><![CDATA[]]></system-err>
</testsuite>
