<?xml version="1.0" encoding="UTF-8"?>
<testsuite name="com.test.registration.fourth_registration_page.VerifyShowingErrorMessageForEmailFieldTest" tests="1" skipped="0" failures="0" errors="0" timestamp="2022-06-01T21:10:15" hostname="glbuh-note" time="6.326">
  <properties/>
  <testcase name="verifyShowingErrorMessageForEmailField()" classname="com.test.registration.fourth_registration_page.VerifyShowingErrorMessageForEmailFieldTest" time="6.326"/>
  <system-out><![CDATA[456
]]></system-out>
  <system-err><![CDATA[]]></system-err>
</testsuite>
