<?xml version="1.0" encoding="UTF-8"?>
<testsuite name="com.test.registration.first_registration_page.VerifyWhatDoYouNeedLegallySolvedTextTest" tests="1" skipped="0" failures="0" errors="0" timestamp="2022-06-01T21:08:53" hostname="glbuh-note" time="0.427">
  <properties/>
  <testcase name="verifyWhatDoYouNeedLegallySolvedTitle()" classname="com.test.registration.first_registration_page.VerifyWhatDoYouNeedLegallySolvedTextTest" time="0.427"/>
  <system-out><![CDATA[]]></system-out>
  <system-err><![CDATA[]]></system-err>
</testsuite>
