<?xml version="1.0" encoding="UTF-8"?>
<testsuite name="com.test.registration.second_registration_page.VerifyReturnOnPreviousPageTest" tests="1" skipped="0" failures="0" errors="0" timestamp="2022-06-07T22:14:45" hostname="glbuh-note" time="1.04">
  <properties/>
  <testcase name="verifyReturnToPreviousPage()" classname="com.test.registration.second_registration_page.VerifyReturnOnPreviousPageTest" time="1.04"/>
  <system-out><![CDATA[]]></system-out>
  <system-err><![CDATA[]]></system-err>
</testsuite>
