<?xml version="1.0" encoding="UTF-8"?>
<testsuite name="com.test.registration.second_registration_page.VerifyPageTitleTextTest" tests="1" skipped="0" failures="0" errors="0" timestamp="2022-06-07T22:14:44" hostname="glbuh-note" time="1.596">
  <properties/>
  <testcase name="verifyPleaseCheckTheListOfTasksWhichShouldBeLegallySortedOutTest()" classname="com.test.registration.second_registration_page.VerifyPageTitleTextTest" time="1.596"/>
  <system-out><![CDATA[]]></system-out>
  <system-err><![CDATA[]]></system-err>
</testsuite>
