<?xml version="1.0" encoding="UTF-8"?>
<testsuite name="com.test.registration.first_registration_page.VerifyClickNextButtonWithoutChosenOptionTest" tests="1" skipped="0" failures="0" errors="0" timestamp="2022-06-07T22:12:20" hostname="glbuh-note" time="1.905">
  <properties/>
  <testcase name="verifyClickNextButtonWithoutChosenOption()" classname="com.test.registration.first_registration_page.VerifyClickNextButtonWithoutChosenOptionTest" time="1.905"/>
  <system-out><![CDATA[]]></system-out>
  <system-err><![CDATA[]]></system-err>
</testsuite>
