<?xml version="1.0" encoding="UTF-8"?>
<testsuite name="com.test.registration.fourth_registration_page.VerifyInactivateIveReadAndAcceptedTermsConditionsAndPrivacyPolicyTest" tests="1" skipped="0" failures="0" errors="0" timestamp="2022-06-11T11:03:44" hostname="glbuh-note" time="2.455">
  <properties/>
  <testcase name="verifyInactivateIveReadAndAcceptedTermsConditionsAndPrivacyPolicy()" classname="com.test.registration.fourth_registration_page.VerifyInactivateIveReadAndAcceptedTermsConditionsAndPrivacyPolicyTest" time="2.455"/>
  <system-out><![CDATA[]]></system-out>
  <system-err><![CDATA[]]></system-err>
</testsuite>
