<?xml version="1.0" encoding="UTF-8"?>
<testsuite name="com.test.registration.fourth_registration_page.VerifySendEmptyRegistrationFormTest" tests="1" skipped="0" failures="0" errors="0" timestamp="2022-06-11T11:04:06" hostname="glbuh-note" time="11.24">
  <properties/>
  <testcase name="verifySendingEmptyRegistrationForm()" classname="com.test.registration.fourth_registration_page.VerifySendEmptyRegistrationFormTest" time="11.24"/>
  <system-out><![CDATA[]]></system-out>
  <system-err><![CDATA[Starting ChromeDriver 102.0.5005.61 (0e59bcc00cc4985ce39ad31c150065f159d95ad3-refs/branch-heads/5005@{#819}) on port 51919
Only local connections are allowed.
Please see https://chromedriver.chromium.org/security-considerations for suggestions on keeping ChromeDriver safe.
ChromeDriver was started successfully.
июн. 11, 2022 2:04:09 PM org.openqa.selenium.remote.ProtocolHandshake createSession
INFO: Detected dialect: W3C
июн. 11, 2022 2:04:09 PM org.openqa.selenium.devtools.CdpVersionFinder findNearestMatch
WARNING: Unable to find an exact match for CDP version 102, so returning the closest version found: 99
июн. 11, 2022 2:04:09 PM org.openqa.selenium.devtools.CdpVersionFinder findNearestMatch
INFO: Found CDP implementation for version 102 of 99
]]></system-err>
</testsuite>
