<?xml version="1.0" encoding="UTF-8"?>
<testsuite name="com.test.registration.third_registration_page.VerifyThisIsHowSimilarRequestsAreUsuallySolvedTextTest" tests="1" skipped="0" failures="0" errors="0" timestamp="2022-06-07T22:15:03" hostname="glbuh-note" time="1.277">
  <properties/>
  <testcase name="verifyThisIsHowSimilarRequestsAreUsuallySolvedText()" classname="com.test.registration.third_registration_page.VerifyThisIsHowSimilarRequestsAreUsuallySolvedTextTest" time="1.277"/>
  <system-out><![CDATA[]]></system-out>
  <system-err><![CDATA[]]></system-err>
</testsuite>
