<?xml version="1.0" encoding="UTF-8"?>
<testsuite name="com.test.registration.fourth_registration_page.VerifyHidingErrorMessageForLastNameFieldTest" tests="1" skipped="0" failures="0" errors="0" timestamp="2022-06-01T21:09:18" hostname="glbuh-note" time="4.398">
  <properties/>
  <testcase name="verifyHidingErrorMessageForLastNameField()" classname="com.test.registration.fourth_registration_page.VerifyHidingErrorMessageForLastNameFieldTest" time="4.398"/>
  <system-out><![CDATA[456
]]></system-out>
  <system-err><![CDATA[]]></system-err>
</testsuite>
