<?xml version="1.0" encoding="UTF-8"?>
<testsuite name="com.test.registration.first_registration_page.VerifyCreateCustomRequestPopupTitleTest" tests="1" skipped="0" failures="0" errors="0" timestamp="2022-06-08T20:53:54" hostname="glbuh-note" time="2.423">
  <properties/>
  <testcase name="verifyCreateCustomRequestPopupTitle()" classname="com.test.registration.first_registration_page.VerifyCreateCustomRequestPopupTitleTest" time="2.423"/>
  <system-out><![CDATA[]]></system-out>
  <system-err><![CDATA[]]></system-err>
</testsuite>
