<?xml version="1.0" encoding="UTF-8"?>
<testsuite name="com.test.registration.fourth_registration_page.VerifySendFormWithoutIveReadAndAcceptedCheckboxDoubleClickTest" tests="1" skipped="0" failures="0" errors="0" timestamp="2022-06-11T11:04:17" hostname="glbuh-note" time="7.467">
  <properties/>
  <testcase name="verifySendingFormWithoutIveReadAndAcceptedCheckboxDoubleClick()" classname="com.test.registration.fourth_registration_page.VerifySendFormWithoutIveReadAndAcceptedCheckboxDoubleClickTest" time="7.467"/>
  <system-out><![CDATA[]]></system-out>
  <system-err><![CDATA[]]></system-err>
</testsuite>
