<?xml version="1.0" encoding="UTF-8"?>
<testsuite name="com.test.registration.fourth_registration_page.VerifyOpenTermsAndConditionsLinkTest" tests="1" skipped="0" failures="0" errors="0" timestamp="2022-08-13T23:16:35" hostname="chubakha" time="4.559">
  <properties/>
  <testcase name="verifyOpenTermsAndConditionsLink()" classname="com.test.registration.fourth_registration_page.VerifyOpenTermsAndConditionsLinkTest" time="4.559"/>
  <system-out><![CDATA[]]></system-out>
  <system-err><![CDATA[]]></system-err>
</testsuite>
