<?xml version="1.0" encoding="UTF-8"?>
<testsuite name="com.test.registration.second_registration_page.VerifyReturnToPreviousPageTest" tests="1" skipped="0" failures="0" errors="0" timestamp="2022-06-01T21:11:00" hostname="glbuh-note" time="0.915">
  <properties/>
  <testcase name="verifyReturnToPreviousPage()" classname="com.test.registration.second_registration_page.VerifyReturnToPreviousPageTest" time="0.915"/>
  <system-out><![CDATA[]]></system-out>
  <system-err><![CDATA[]]></system-err>
</testsuite>
