<?xml version="1.0" encoding="UTF-8"?>
<testsuite name="com.test.registration.third_registration_page.VerifyAllChosenOptionsTest" tests="1" skipped="0" failures="0" errors="0" timestamp="2022-06-01T21:11:01" hostname="glbuh-note" time="12.219">
  <properties/>
  <testcase name="verifyAllChosenOptions()" classname="com.test.registration.third_registration_page.VerifyAllChosenOptionsTest" time="12.219"/>
  <system-out><![CDATA[456
]]></system-out>
  <system-err><![CDATA[]]></system-err>
</testsuite>
