<?xml version="1.0" encoding="UTF-8"?>
<testsuite name="com.test.registration.first_registration_page.VerifyAppearCreateCustomRequestPopupTest" tests="1" skipped="0" failures="0" errors="0" timestamp="2022-06-11T11:02:14" hostname="glbuh-note" time="3.402">
  <properties/>
  <testcase name="verifyAppearCreateCustomRequestPopup()" classname="com.test.registration.first_registration_page.VerifyAppearCreateCustomRequestPopupTest" time="3.402"/>
  <system-out><![CDATA[]]></system-out>
  <system-err><![CDATA[]]></system-err>
</testsuite>
