<?xml version="1.0" encoding="UTF-8"?>
<testsuite name="com.test.registration.first_registration_page.VerifySendCustomRequestTest" tests="1" skipped="0" failures="0" errors="0" timestamp="2022-06-01T21:08:42" hostname="glbuh-note" time="2.146">
  <properties/>
  <testcase name="verifySendCustomRequest()" classname="com.test.registration.first_registration_page.VerifySendCustomRequestTest" time="2.146"/>
  <system-out><![CDATA[]]></system-out>
  <system-err><![CDATA[]]></system-err>
</testsuite>
