<?xml version="1.0" encoding="UTF-8"?>
<testsuite name="com.test.registration.third_registration_page.VerifyReturnToPreviousPageTest" tests="1" skipped="0" failures="0" errors="0" timestamp="2022-06-07T22:15:01" hostname="glbuh-note" time="2.229">
  <properties/>
  <testcase name="verifyReturnToPreviousPage()" classname="com.test.registration.third_registration_page.VerifyReturnToPreviousPageTest" time="2.229"/>
  <system-out><![CDATA[]]></system-out>
  <system-err><![CDATA[]]></system-err>
</testsuite>
