<?xml version="1.0" encoding="UTF-8"?>
<testsuite name="com.test.registration.third_registration_page.VerifyClickConnectButtonTest" tests="1" skipped="0" failures="0" errors="0" timestamp="2022-06-08T20:56:48" hostname="glbuh-note" time="2.355">
  <properties/>
  <testcase name="verifyClickConnectButton()" classname="com.test.registration.third_registration_page.VerifyClickConnectButtonTest" time="2.355"/>
  <system-out><![CDATA[]]></system-out>
  <system-err><![CDATA[]]></system-err>
</testsuite>
