<?xml version="1.0" encoding="UTF-8"?>
<testsuite name="com.test.registration.second_registration_page.VerifyPageTitleTextTest" tests="1" skipped="0" failures="0" errors="0" timestamp="2022-06-11T11:05:14" hostname="glbuh-note" time="3.783">
  <properties/>
  <testcase name="verifyPleaseCheckTheListOfTasksWhichShouldBeLegallySortedOutTest()" classname="com.test.registration.second_registration_page.VerifyPageTitleTextTest" time="3.783"/>
  <system-out><![CDATA[]]></system-out>
  <system-err><![CDATA[]]></system-err>
</testsuite>
