<?xml version="1.0" encoding="UTF-8"?>
<testsuite name="com.test.registration.second_registration_page.VerifyReturnOnPreviousPageTest" tests="1" skipped="0" failures="0" errors="0" timestamp="2022-06-11T11:01:55" hostname="glbuh-note" time="3.484">
  <properties/>
  <testcase name="verifyReturnToPreviousPage()" classname="com.test.registration.second_registration_page.VerifyReturnOnPreviousPageTest" time="3.484"/>
  <system-out><![CDATA[]]></system-out>
  <system-err><![CDATA[]]></system-err>
</testsuite>
