<?xml version="1.0" encoding="UTF-8"?>
<testsuite name="com.test.registration.second_registration_page.VerifyDeleteOneChosenOptionFromFewTest" tests="1" skipped="0" failures="0" errors="0" timestamp="2022-06-08T20:56:30" hostname="glbuh-note" time="6.759">
  <properties/>
  <testcase name="verifyDeleteChosenOptionFromFew()" classname="com.test.registration.second_registration_page.VerifyDeleteOneChosenOptionFromFewTest" time="6.759"/>
  <system-out><![CDATA[]]></system-out>
  <system-err><![CDATA[]]></system-err>
</testsuite>
