<?xml version="1.0" encoding="UTF-8"?>
<testsuite name="com.test.registration.third_registration_page.VerifyComparingSectionsAndOptionsTest" tests="1" skipped="0" failures="0" errors="0" timestamp="2022-06-08T20:56:51" hostname="glbuh-note" time="2.106">
  <properties/>
  <testcase name="verifyComparingSectionsAndOptions()" classname="com.test.registration.third_registration_page.VerifyComparingSectionsAndOptionsTest" time="2.106"/>
  <system-out><![CDATA[]]></system-out>
  <system-err><![CDATA[]]></system-err>
</testsuite>
