<?xml version="1.0" encoding="UTF-8"?>
<testsuite name="com.test.registration.fourth_registration_page.VerifyHidingErrorMessageForPasswordFieldTest" tests="1" skipped="0" failures="0" errors="0" timestamp="2022-06-01T21:09:22" hostname="glbuh-note" time="5.294">
  <properties/>
  <testcase name="verifyHidingErrorMessageForPasswordField()" classname="com.test.registration.fourth_registration_page.VerifyHidingErrorMessageForPasswordFieldTest" time="5.294"/>
  <system-out><![CDATA[456
]]></system-out>
  <system-err><![CDATA[]]></system-err>
</testsuite>
