<?xml version="1.0" encoding="UTF-8"?>
<testsuite name="com.test.registration.first_registration_page.VerifyClickNextButtonWithoutChosenOptionTest" tests="1" skipped="0" failures="0" errors="0" timestamp="2022-06-08T20:53:49" hostname="glbuh-note" time="2.074">
  <properties/>
  <testcase name="verifyClickNextButtonWithoutChosenOption()" classname="com.test.registration.first_registration_page.VerifyClickNextButtonWithoutChosenOptionTest" time="2.074"/>
  <system-out><![CDATA[]]></system-out>
  <system-err><![CDATA[]]></system-err>
</testsuite>
