<?xml version="1.0" encoding="UTF-8"?>
<testsuite name="com.test.registration.fourth_registration_page.VerifyActivateAccountButtonTest" tests="1" skipped="0" failures="0" errors="0" timestamp="2022-06-11T11:02:48" hostname="glbuh-note" time="2.879">
  <properties/>
  <testcase name="verifyActivateAccountButton()" classname="com.test.registration.fourth_registration_page.VerifyActivateAccountButtonTest" time="2.879"/>
  <system-out><![CDATA[]]></system-out>
  <system-err><![CDATA[]]></system-err>
</testsuite>
