<?xml version="1.0" encoding="UTF-8"?>
<testsuite name="com.test.registration.fourth_registration_page.VerifyAppearFieldIsRequiredForCompanyNameFieldTest" tests="1" skipped="0" failures="0" errors="0" timestamp="2022-06-07T22:12:51" hostname="glbuh-note" time="3.335">
  <properties/>
  <testcase name="verifyShowingErrorMessageForCompanyNameField()" classname="com.test.registration.fourth_registration_page.VerifyAppearFieldIsRequiredForCompanyNameFieldTest" time="3.335"/>
  <system-out><![CDATA[]]></system-out>
  <system-err><![CDATA[]]></system-err>
</testsuite>
