<?xml version="1.0" encoding="UTF-8"?>
<testsuite name="com.test.registration.fourth_registration_page.VerifySendFormWithoutIveReadAndAcceptedCheckboxTest" tests="1" skipped="0" failures="0" errors="0" timestamp="2022-08-01T14:30:17" hostname="chubakha" time="1.043">
  <properties/>
  <testcase name="verifySendingFormWithoutIveReadAndAcceptedCheckbox()" classname="com.test.registration.fourth_registration_page.VerifySendFormWithoutIveReadAndAcceptedCheckboxTest" time="1.043"/>
  <system-out><![CDATA[]]></system-out>
  <system-err><![CDATA[]]></system-err>
</testsuite>
