<?xml version="1.0" encoding="UTF-8"?>
<testsuite name="com.test.registration.fourth_registration_page.VerifySendingFormWithoutIveReadAndAcceptedCheckboxTest" tests="1" skipped="0" failures="0" errors="0" timestamp="2022-06-01T21:10:05" hostname="glbuh-note" time="5.216">
  <properties/>
  <testcase name="verifySendingFormWithoutIveReadAndAcceptedCheckbox()" classname="com.test.registration.fourth_registration_page.VerifySendingFormWithoutIveReadAndAcceptedCheckboxTest" time="5.216"/>
  <system-out><![CDATA[456
]]></system-out>
  <system-err><![CDATA[]]></system-err>
</testsuite>
