<?xml version="1.0" encoding="UTF-8"?>
<testsuite name="com.test.registration.second_registration_page.VerifyComparingSectionsAndOptionsTest" tests="1" skipped="0" failures="0" errors="0" timestamp="2022-06-07T22:14:31" hostname="glbuh-note" time="1.55">
  <properties/>
  <testcase name="verifyComparingSectionsAndOptions()" classname="com.test.registration.second_registration_page.VerifyComparingSectionsAndOptionsTest" time="1.55"/>
  <system-out><![CDATA[]]></system-out>
  <system-err><![CDATA[]]></system-err>
</testsuite>
