<?xml version="1.0" encoding="UTF-8"?>
<testsuite name="com.test.registration.second_registration_page.VerifyChosenOptionsTest" tests="1" skipped="0" failures="0" errors="0" timestamp="2022-06-07T22:14:24" hostname="glbuh-note" time="4.042">
  <properties/>
  <testcase name="verifyAddedOptions()" classname="com.test.registration.second_registration_page.VerifyChosenOptionsTest" time="4.042"/>
  <system-out><![CDATA[]]></system-out>
  <system-err><![CDATA[]]></system-err>
</testsuite>
