<?xml version="1.0" encoding="UTF-8"?>
<testsuite name="com.test.registration.fourth_registration_page.VerifyAppearFieldIsRequiredForFirstNameFieldTest" tests="1" skipped="0" failures="0" errors="0" timestamp="2022-06-07T22:12:57" hostname="glbuh-note" time="5.46">
  <properties/>
  <testcase name="verifyShowingErrorMessageForFirstNameField()" classname="com.test.registration.fourth_registration_page.VerifyAppearFieldIsRequiredForFirstNameFieldTest" time="5.46"/>
  <system-out><![CDATA[]]></system-out>
  <system-err><![CDATA[]]></system-err>
</testsuite>
