<?xml version="1.0" encoding="UTF-8"?>
<testsuite name="com.test.registration.first_registration_page.VerifyCreateCustomRequestPopupAppearedTest" tests="1" skipped="0" failures="0" errors="0" timestamp="2022-06-01T21:08:32" hostname="glbuh-note" time="3.875">
  <properties/>
  <testcase name="verifyCreateCustomRequestPopupAppeared()" classname="com.test.registration.first_registration_page.VerifyCreateCustomRequestPopupAppearedTest" time="3.875"/>
  <system-out><![CDATA[]]></system-out>
  <system-err><![CDATA[]]></system-err>
</testsuite>
