<?xml version="1.0" encoding="UTF-8"?>
<testsuite name="com.test.registration.fourth_registration_page.VerifyShowingErrorMessageForPasswordFieldTest" tests="1" skipped="0" failures="0" errors="0" timestamp="2022-06-01T21:10:32" hostname="glbuh-note" time="4.607">
  <properties/>
  <testcase name="verifyShowingErrorMessageForPasswordField()" classname="com.test.registration.fourth_registration_page.VerifyShowingErrorMessageForPasswordFieldTest" time="4.607"/>
  <system-out><![CDATA[456
]]></system-out>
  <system-err><![CDATA[]]></system-err>
</testsuite>
