<?xml version="1.0" encoding="UTF-8"?>
<testsuite name="com.test.registration.fourth_registration_page.VerifySendFormWithoutIveReadAndAcceptedCheckboxDoubleClickTest" tests="1" skipped="0" failures="0" errors="0" timestamp="2022-06-07T22:14:10" hostname="glbuh-note" time="3.609">
  <properties/>
  <testcase name="verifySendingFormWithoutIveReadAndAcceptedCheckboxDoubleClick()" classname="com.test.registration.fourth_registration_page.VerifySendFormWithoutIveReadAndAcceptedCheckboxDoubleClickTest" time="3.609"/>
  <system-out><![CDATA[]]></system-out>
  <system-err><![CDATA[]]></system-err>
</testsuite>
