<?xml version="1.0" encoding="UTF-8"?>
<testsuite name="com.test.registration.fourth_registration_page.VerifyAppearFieldIsRequiredForEmailFieldTest" tests="1" skipped="0" failures="0" errors="0" timestamp="2022-06-07T22:12:54" hostname="glbuh-note" time="2.862">
  <properties/>
  <testcase name="verifyShowingErrorMessageForEmailField()" classname="com.test.registration.fourth_registration_page.VerifyAppearFieldIsRequiredForEmailFieldTest" time="2.862"/>
  <system-out><![CDATA[]]></system-out>
  <system-err><![CDATA[]]></system-err>
</testsuite>
