<?xml version="1.0" encoding="UTF-8"?>
<testsuite name="com.test.registration.first_registration_page.VerifyToolTipsTextTest" tests="1" skipped="1" failures="0" errors="0" timestamp="2022-06-11T11:02:48" hostname="glbuh-note" time="0.001">
  <properties/>
  <testcase name="verifyToolTipsText()" classname="com.test.registration.first_registration_page.VerifyToolTipsTextTest" time="0.001">
    <skipped/>
  </testcase>
  <system-out><![CDATA[]]></system-out>
  <system-err><![CDATA[]]></system-err>
</testsuite>
