<?xml version="1.0" encoding="UTF-8"?>
<testsuite name="com.test.registration.fourth_registration_page.VerifyHideFieldIsRequiredForCompanyFieldTest" tests="1" skipped="0" failures="0" errors="0" timestamp="2022-06-07T22:13:17" hostname="glbuh-note" time="2.977">
  <properties/>
  <testcase name="verifyHidingErrorMessageForCompanyField()" classname="com.test.registration.fourth_registration_page.VerifyHideFieldIsRequiredForCompanyFieldTest" time="2.977"/>
  <system-out><![CDATA[]]></system-out>
  <system-err><![CDATA[]]></system-err>
</testsuite>
