<?xml version="1.0" encoding="UTF-8"?>
<testsuite name="com.test.registration.fourth_registration_page.VerifyShowingErrorMessageForCompanyNameFieldTest" tests="1" skipped="0" failures="0" errors="0" timestamp="2022-06-01T21:10:10" hostname="glbuh-note" time="4.841">
  <properties/>
  <testcase name="verifyShowingErrorMessageForCompanyNameField()" classname="com.test.registration.fourth_registration_page.VerifyShowingErrorMessageForCompanyNameFieldTest" time="4.841"/>
  <system-out><![CDATA[456
]]></system-out>
  <system-err><![CDATA[]]></system-err>
</testsuite>
