<?xml version="1.0" encoding="UTF-8"?>
<testsuite name="com.test.registration.fourth_registration_page.VerifySendingEmptyRegistrationFormTest" tests="1" skipped="0" failures="0" errors="0" timestamp="2022-06-01T21:09:53" hostname="glbuh-note" time="6.466">
  <properties/>
  <testcase name="verifySendingEmptyRegistrationForm()" classname="com.test.registration.fourth_registration_page.VerifySendingEmptyRegistrationFormTest" time="6.466"/>
  <system-out><![CDATA[456
]]></system-out>
  <system-err><![CDATA[]]></system-err>
</testsuite>
