<?xml version="1.0" encoding="UTF-8"?>
<testsuite name="com.test.registration.second_registration_page.VerifyOneChosenOptionAfterReturnToPreviousPageTest" tests="1" skipped="0" failures="0" errors="0" timestamp="2022-06-01T21:10:58" hostname="glbuh-note" time="1.086">
  <properties/>
  <testcase name="verifyChosenOneOptionAfterReturnToPreviousPage()" classname="com.test.registration.second_registration_page.VerifyOneChosenOptionAfterReturnToPreviousPageTest" time="1.086"/>
  <system-out><![CDATA[]]></system-out>
  <system-err><![CDATA[]]></system-err>
</testsuite>
