<?xml version="1.0" encoding="UTF-8"?>
<testsuite name="com.test.registration.fourth_registration_page.VerifyHidingErrorMessageForEmailFieldTest" tests="1" skipped="0" failures="0" errors="0" timestamp="2022-06-01T21:09:09" hostname="glbuh-note" time="3.986">
  <properties/>
  <testcase name="verifyHidingErrorMessageForEmailField()" classname="com.test.registration.fourth_registration_page.VerifyHidingErrorMessageForEmailFieldTest" time="3.986"/>
  <system-out><![CDATA[456
]]></system-out>
  <system-err><![CDATA[]]></system-err>
</testsuite>
