<?xml version="1.0" encoding="UTF-8"?>
<testsuite name="com.test.registration.second_registration_page.VerifyDeleteChosenOptionFromFewTest" tests="1" skipped="0" failures="0" errors="0" timestamp="2022-06-01T21:10:53" hostname="glbuh-note" time="3.502">
  <properties/>
  <testcase name="verifyDeleteChosenOptionFromFew()" classname="com.test.registration.second_registration_page.VerifyDeleteChosenOptionFromFewTest" time="3.502"/>
  <system-out><![CDATA[]]></system-out>
  <system-err><![CDATA[]]></system-err>
</testsuite>
