<?xml version="1.0" encoding="UTF-8"?>
<testsuite name="com.test.registration.second_registration_page.VerifyOneChosenOptionAfterReturnToPreviousPageTest" tests="1" skipped="0" failures="0" errors="0" timestamp="2022-06-11T11:05:09" hostname="glbuh-note" time="4.969">
  <properties/>
  <testcase name="verifyChosenOneOptionAfterReturnToPreviousPage()" classname="com.test.registration.second_registration_page.VerifyOneChosenOptionAfterReturnToPreviousPageTest" time="4.969"/>
  <system-out><![CDATA[]]></system-out>
  <system-err><![CDATA[]]></system-err>
</testsuite>
