<?xml version="1.0" encoding="UTF-8"?>
<testsuite name="com.test.registration.first_registration_page.VerifyPageTitleTextTest" tests="1" skipped="0" failures="0" errors="0" timestamp="2022-06-08T20:53:59" hostname="glbuh-note" time="0.492">
  <properties/>
  <testcase name="verifyWhatDoYouNeedLegallySolvedTitle()" classname="com.test.registration.first_registration_page.VerifyPageTitleTextTest" time="0.492"/>
  <system-out><![CDATA[]]></system-out>
  <system-err><![CDATA[]]></system-err>
</testsuite>
