<?xml version="1.0" encoding="UTF-8"?>
<testsuite name="com.test.registration.fourth_registration_page.VerifyClickInactiveCreateAccountButtonTest" tests="1" skipped="0" failures="0" errors="0" timestamp="2022-06-01T21:08:58" hostname="glbuh-note" time="2.318">
  <properties/>
  <testcase name="verifyClickInactiveCreateAccountButton()" classname="com.test.registration.fourth_registration_page.VerifyClickInactiveCreateAccountButtonTest" time="2.318"/>
  <system-out><![CDATA[456
]]></system-out>
  <system-err><![CDATA[]]></system-err>
</testsuite>
