<?xml version="1.0" encoding="UTF-8"?>
<testsuite name="com.test.registration.first_registration_page.VerifySelectAllOptionsTest" tests="1" skipped="0" failures="0" errors="0" timestamp="2022-06-07T22:12:29" hostname="glbuh-note" time="4.043">
  <properties/>
  <testcase name="verifyAllSelectedCheckboxes()" classname="com.test.registration.first_registration_page.VerifySelectAllOptionsTest" time="4.043"/>
  <system-out><![CDATA[]]></system-out>
  <system-err><![CDATA[]]></system-err>
</testsuite>
