<?xml version="1.0" encoding="UTF-8"?>
<testsuite name="com.test.registration.fourth_registration_page.VerifyCreateAnAccountTextTest" tests="1" skipped="0" failures="0" errors="0" timestamp="2022-08-13T23:24:34" hostname="chubakha" time="0.703">
  <properties/>
  <testcase name="verifyCreateAnAccountText()" classname="com.test.registration.fourth_registration_page.VerifyCreateAnAccountTextTest" time="0.703"/>
  <system-out><![CDATA[]]></system-out>
  <system-err><![CDATA[]]></system-err>
</testsuite>
