<?xml version="1.0" encoding="UTF-8"?>
<testsuite name="com.test.registration.fourth_registration_page.VerifySendEmptyRegistrationFormTest" tests="1" skipped="0" failures="0" errors="0" timestamp="2022-06-08T20:55:59" hostname="glbuh-note" time="2.629">
  <properties/>
  <testcase name="verifySendingEmptyRegistrationForm()" classname="com.test.registration.fourth_registration_page.VerifySendEmptyRegistrationFormTest" time="2.629"/>
  <system-out><![CDATA[]]></system-out>
  <system-err><![CDATA[]]></system-err>
</testsuite>
