<?xml version="1.0" encoding="UTF-8"?>
<testsuite name="com.test.registration.second_registration_page.VerifyAllChosenOptionAfterReturnToPreviousPageTest" tests="1" skipped="0" failures="0" errors="0" timestamp="2022-06-07T22:14:17" hostname="glbuh-note" time="6.953">
  <properties/>
  <testcase name="verifyChosenAllOptionAfterReturnToPreviousPage()" classname="com.test.registration.second_registration_page.VerifyAllChosenOptionAfterReturnToPreviousPageTest" time="6.953"/>
  <system-out><![CDATA[]]></system-out>
  <system-err><![CDATA[]]></system-err>
</testsuite>
