<?xml version="1.0" encoding="UTF-8"?>
<testsuite name="com.test.registration.second_registration_page.VerifyPleaseCheckTheListOfTasksWhichShouldBeLegallySortedOutTest" tests="1" skipped="0" failures="0" errors="0" timestamp="2022-06-01T21:10:59" hostname="glbuh-note" time="1.527">
  <properties/>
  <testcase name="verifyPleaseCheckTheListOfTasksWhichShouldBeLegallySortedOutTest()" classname="com.test.registration.second_registration_page.VerifyPleaseCheckTheListOfTasksWhichShouldBeLegallySortedOutTest" time="1.527"/>
  <system-out><![CDATA[]]></system-out>
  <system-err><![CDATA[]]></system-err>
</testsuite>
