<?xml version="1.0" encoding="UTF-8"?>
<testsuite name="com.test.registration.third_registration_page.VerifyChooseOneOptionsTest" tests="1" skipped="0" failures="0" errors="0" timestamp="2022-06-07T22:14:54" hostname="glbuh-note" time="1.642">
  <properties/>
  <testcase name="verifyChooseOneOptions()" classname="com.test.registration.third_registration_page.VerifyChooseOneOptionsTest" time="1.642"/>
  <system-out><![CDATA[]]></system-out>
  <system-err><![CDATA[]]></system-err>
</testsuite>
