<?xml version="1.0" encoding="UTF-8"?>
<testsuite name="com.test.registration.first_registration_page.VerifyAddTextToNeedHelpWithSomethingElseTest" tests="1" skipped="0" failures="0" errors="0" timestamp="2022-06-08T20:53:45" hostname="glbuh-note" time="1.361">
  <properties/>
  <testcase name="verifyAddedTextNeedHelpWithSomethingElse()" classname="com.test.registration.first_registration_page.VerifyAddTextToNeedHelpWithSomethingElseTest" time="1.361"/>
  <system-out><![CDATA[]]></system-out>
  <system-err><![CDATA[]]></system-err>
</testsuite>
