<?xml version="1.0" encoding="UTF-8"?>
<testsuite name="com.test.registration.fourth_registration_page.VerifyAppearFieldIsRequiredForPasswordFieldTest" tests="1" skipped="0" failures="0" errors="0" timestamp="2022-06-07T22:13:06" hostname="glbuh-note" time="3.107">
  <properties/>
  <testcase name="verifyShowingErrorMessageForPasswordField()" classname="com.test.registration.fourth_registration_page.VerifyAppearFieldIsRequiredForPasswordFieldTest" time="3.107"/>
  <system-out><![CDATA[]]></system-out>
  <system-err><![CDATA[]]></system-err>
</testsuite>
